[2023-03-05 02:48:54.666] [modengine] [info] ModEngine version 2.0.0-preview3-d673e6000e50d5c559364b6276057f6bde09accb initializing for Elden Ring
[2023-03-05 02:48:54.666] [modengine] [info] Local settings loaded: true, Global settings loaded: true
[2023-03-05 02:48:54.666] [modengine] [info] Main thread ID: 22852
[2023-03-05 02:48:54.667] [modengine] [info] Enabling extension base
[2023-03-05 02:48:54.667] [modengine] [info] Enabled extension base
[2023-03-05 02:48:54.667] [modengine] [info] Enabling extension mod_loader
[2023-03-05 02:48:54.667] [modengine] [info] Installing mod location rangedRework
[2023-03-05 02:48:54.667] [modengine] [info] Resolved mod path to D:\Program Files (x86)\Steam\steamapps\common\ELDEN RING\Game\ModLoader2\rangedRework
[2023-03-05 02:48:54.668] [modengine] [info] Enabled extension mod_loader
[2023-03-05 02:48:54.705] [modengine] [info] Applied 3 hooks
[2023-03-05 02:48:54.707] [modengine] [info] Starting worker thread
[2023-03-05 03:52:51.220] [modengine] [info] ModEngine version 2.0.0-preview3-d673e6000e50d5c559364b6276057f6bde09accb initializing for Elden Ring
[2023-03-05 03:52:51.220] [modengine] [info] Local settings loaded: true, Global settings loaded: true
[2023-03-05 03:52:51.220] [modengine] [info] Main thread ID: 26192
[2023-03-05 03:52:51.222] [modengine] [info] Enabling extension base
[2023-03-05 03:52:51.222] [modengine] [info] Enabled extension base
[2023-03-05 03:52:51.222] [modengine] [info] Enabling extension mod_loader
[2023-03-05 03:52:51.222] [modengine] [info] Installing mod location rangedRework
[2023-03-05 03:52:51.222] [modengine] [info] Resolved mod path to D:\Program Files (x86)\Steam\steamapps\common\ELDEN RING\Game\ModLoader2\rangedRework
[2023-03-05 03:52:51.222] [modengine] [info] Enabled extension mod_loader
[2023-03-05 03:52:51.260] [modengine] [info] Applied 3 hooks
[2023-03-05 03:52:51.261] [modengine] [info] Starting worker thread
[2023-03-05 19:01:40.459] [modengine] [info] ModEngine version 2.0.0-preview3-d673e6000e50d5c559364b6276057f6bde09accb initializing for Elden Ring
[2023-03-05 19:01:40.459] [modengine] [info] Local settings loaded: true, Global settings loaded: true
[2023-03-05 19:01:40.459] [modengine] [info] Main thread ID: 18852
[2023-03-05 19:01:40.460] [modengine] [info] Enabling extension base
[2023-03-05 19:01:40.460] [modengine] [info] Enabled extension base
[2023-03-05 19:01:40.460] [modengine] [info] Enabling extension mod_loader
[2023-03-05 19:01:40.460] [modengine] [info] Installing mod location rangedRework
[2023-03-05 19:01:40.460] [modengine] [info] Resolved mod path to D:\Program Files (x86)\Steam\steamapps\common\ELDEN RING\Game\ModLoader2\rangedRework
[2023-03-05 19:01:40.460] [modengine] [info] Enabled extension mod_loader
[2023-03-05 19:01:40.498] [modengine] [info] Applied 3 hooks
[2023-03-05 19:01:40.499] [modengine] [info] Starting worker thread
[2023-03-05 19:38:46.277] [modengine] [info] ModEngine version 2.0.0-preview3-d673e6000e50d5c559364b6276057f6bde09accb initializing for Elden Ring
[2023-03-05 19:38:46.277] [modengine] [info] Local settings loaded: true, Global settings loaded: true
[2023-03-05 19:38:46.277] [modengine] [info] Main thread ID: 18180
[2023-03-05 19:38:46.279] [modengine] [info] Enabling extension base
[2023-03-05 19:38:46.279] [modengine] [info] Enabled extension base
[2023-03-05 19:38:46.279] [modengine] [info] Enabling extension mod_loader
[2023-03-05 19:38:46.279] [modengine] [info] Installing mod location rangedRework
[2023-03-05 19:38:46.279] [modengine] [info] Resolved mod path to D:\Program Files (x86)\Steam\steamapps\common\ELDEN RING\Game\ModLoader2\rangedRework
[2023-03-05 19:38:46.279] [modengine] [info] Enabled extension mod_loader
[2023-03-05 19:38:46.317] [modengine] [info] Applied 3 hooks
[2023-03-05 19:38:46.319] [modengine] [info] Starting worker thread
